bbq
connected to chatall
bbq says: alu
bbq says: hihihi
root
connected to chatall
root says: hi
abc
connected to chatall
root
connected to chatall
abc
connected to chatall
bbq
connected to chatall
bbq
connected to chatall
root
connected to chatall
bbq
connected to PHC0ZRWW792A9YK9629CV4AOTUXDDA
root
connected to ZB3VBBTO9TML6QD05GNYRF73B522F5
abc
connected to 2INPYM4GGQ7QMBZOP60XE5T76A0LN2
bbq
connected to ZB3VBBTO9TML6QD05GNYRF73B522F5
bbq
connected to ZB3VBBTO9TML6QD05GNYRF73B522F5
bbq
connected to PHC0ZRWW792A9YK9629CV4AOTUXDDA
root says: hi
bbq says: hey
root
connected to ZB3VBBTO9TML6QD05GNYRF73B522F5
root
connected to ZB3VBBTO9TML6QD05GNYRF73B522F5
root says: ff
root
connected to ZB3VBBTO9TML6QD05GNYRF73B522F5
abc
connected to 2INPYM4GGQ7QMBZOP60XE5T76A0LN2
bbq
connected to PHC0ZRWW792A9YK9629CV4AOTUXDDA
abc
connected to 2INPYM4GGQ7QMBZOP60XE5T76A0LN2
root
connected to ZB3VBBTO9TML6QD05GNYRF73B522F5
abc
connected to 2INPYM4GGQ7QMBZOP60XE5T76A0LN2
bbq
connected to PHC0ZRWW792A9YK9629CV4AOTUXDDA
root
connected to ZB3VBBTO9TML6QD05GNYRF73B522F5
root says: ff
bbq says: ff
bbq says: 
bbq says: 
root says: 
root
connected to ZB3VBBTO9TML6QD05GNYRF73B522F5
root says: 
bbq says: 
bbq says: 
root says: 
root says: 
bbq
connected to PHC0ZRWW792A9YK9629CV4AOTUXDDA
abc
connected to PHC0ZRWW792A9YK9629CV4AOTUXDDA
bbq
connected to ZB3VBBTO9TML6QD05GNYRF73B522F5
bbq
connected to chatall
bbq
connected to PHC0ZRWW792A9YK9629CV4AOTUXDDA
abc says: hiii
root says: hi
root
connected to chatall
root says: ok?
root
root
connected to ZB3VBBTO9TML6QD05GNYRF73B522F5
root
connected to 2INPYM4GGQ7QMBZOP60XE5T76A0LN2
root
connected to chatall
root
connected to chatall
root
connected to chatall
bbq
connected to chatall
bbq
connected to chatall
bbq
connected to chatall
bbq
connected to chatall
